[2025-06-17 21:46:10] Executing bootstrap tasks
[2025-06-17 21:46:10] OpenJDK Runtime Environment 21.0.7+6-LTS
[2025-06-17 21:46:10] Product org.eclipse.products.epp.package.java.2025-06
[2025-06-17 21:46:10] Bundle org.eclipse.oomph.setup 1.32.0.v20250521-1019, build=939, branch=e3c6c0bb2f085c104beee4d836bfc74beff72398
[2025-06-17 21:46:10] Bundle org.eclipse.oomph.setup.core 1.34.0.v20250509-1106, build=939, branch=e3c6c0bb2f085c104beee4d836bfc74beff72398
[2025-06-17 21:46:10] Bundle org.eclipse.oomph.setup.p2 1.22.0.v20250302-1233, build=939, branch=e3c6c0bb2f085c104beee4d836bfc74beff72398
[2025-06-17 21:46:10] Performing P2 Director (Eclipse IDE for Java Developers (2025-06) + JRE 21.0.7)
[2025-06-17 21:46:10] Offline = false
[2025-06-17 21:46:10] Mirrors = true
[2025-06-17 21:46:10] Resolving 29 requirements from 4 repositories to D:\core java\eclipse
[2025-06-17 21:46:10] Requirement org.eclipse.equinox.p2.iu:org.eclipse.justj.openjdk.hotspot.jre.full.feature.group (filter=(|(&(osgi.arch=aarch64)(osgi.os=linux))(&(osgi.arch=aarch64)(osgi.os=macosx))(&(osgi.arch=aarch64)(osgi.os=win32))(&(osgi.arch=ppc64le)(osgi.os=linux))(&(osgi.arch=riscv64)(osgi.os=linux))(&(osgi.arch=x86_64)(osgi.os=linux))(&(osgi.arch=x86_64)(osgi.os=macosx))(&(osgi.arch=x86_64)(osgi.os=win32))))
[2025-06-17 21:46:10] Requirement org.eclipse.equinox.p2.iu:epp.package.java [4.36.0,5.0.0) (filter=(|(&(osgi.arch=aarch64)(osgi.os=linux)(osgi.ws=gtk))(&(osgi.arch=aarch64)(osgi.os=macosx)(osgi.ws=cocoa))(&(osgi.arch=aarch64)(osgi.os=win32)(osgi.ws=win32))(&(osgi.arch=riscv64)(osgi.os=linux)(osgi.ws=gtk))(&(osgi.arch=x86_64)(osgi.os=linux)(osgi.ws=gtk))(&(osgi.arch=x86_64)(osgi.os=macosx)(osgi.ws=cocoa))(&(osgi.arch=x86_64)(osgi.os=win32)(osgi.ws=win32))))
[2025-06-17 21:46:10] Requirement org.eclipse.equinox.p2.iu:org.eclipse.platform.feature.group [4.36.0,5.0.0)
[2025-06-17 21:46:10] Requirement org.eclipse.equinox.p2.iu:org.eclipse.rcp.feature.group [4.36.0,5.0.0)
[2025-06-17 21:46:10] Requirement org.eclipse.equinox.p2.iu:org.eclipse.buildship.feature.group
[2025-06-17 21:46:10] Requirement org.eclipse.equinox.p2.iu:org.eclipse.eclemma.feature.feature.group
[2025-06-17 21:46:10] Requirement org.eclipse.equinox.p2.iu:org.eclipse.egit.feature.group
[2025-06-17 21:46:10] Requirement org.eclipse.equinox.p2.iu:org.eclipse.epp.mpc.feature.group
[2025-06-17 21:46:10] Requirement org.eclipse.equinox.p2.iu:org.eclipse.jdt.bcoview.feature.feature.group
[2025-06-17 21:46:10] Requirement org.eclipse.equinox.p2.iu:org.eclipse.jdt.feature.group
[2025-06-17 21:46:10] Requirement org.eclipse.equinox.p2.iu:org.eclipse.jgit.feature.group
[2025-06-17 21:46:10] Requirement org.eclipse.equinox.p2.iu:org.eclipse.m2e.feature.feature.group
[2025-06-17 21:46:10] Requirement org.eclipse.equinox.p2.iu:org.eclipse.m2e.lemminx.feature.feature.group
[2025-06-17 21:46:10] Requirement org.eclipse.equinox.p2.iu:org.eclipse.m2e.logback.feature.feature.group
[2025-06-17 21:46:10] Requirement org.eclipse.equinox.p2.iu:org.eclipse.mylyn.commons.activity.feature.feature.group
[2025-06-17 21:46:10] Requirement org.eclipse.equinox.p2.iu:org.eclipse.mylyn.egit.feature.feature.group
[2025-06-17 21:46:10] Requirement org.eclipse.equinox.p2.iu:org.eclipse.mylyn.git.feature.feature.group
[2025-06-17 21:46:10] Requirement org.eclipse.equinox.p2.iu:org.eclipse.mylyn.github.feature.feature.group
[2025-06-17 21:46:10] Requirement org.eclipse.equinox.p2.iu:org.eclipse.mylyn.ide.feature.feature.group
[2025-06-17 21:46:10] Requirement org.eclipse.equinox.p2.iu:org.eclipse.mylyn.jdt.feature.feature.group
[2025-06-17 21:46:10] Requirement org.eclipse.equinox.p2.iu:org.eclipse.mylyn.jenkins.feature.feature.group
[2025-06-17 21:46:10] Requirement org.eclipse.equinox.p2.iu:org.eclipse.mylyn.reviews.feature.feature.group
[2025-06-17 21:46:10] Requirement org.eclipse.equinox.p2.iu:org.eclipse.mylyn.wikitext.feature.feature.group
[2025-06-17 21:46:10] Requirement org.eclipse.equinox.p2.iu:org.eclipse.tips.feature.feature.group
[2025-06-17 21:46:10] Requirement org.eclipse.equinox.p2.iu:org.eclipse.tm.terminal.feature.feature.group
[2025-06-17 21:46:10] Requirement org.eclipse.equinox.p2.iu:org.eclipse.tm4e.feature.feature.group
[2025-06-17 21:46:10] Requirement org.eclipse.equinox.p2.iu:org.eclipse.tm4e.language_pack.feature.feature.group
[2025-06-17 21:46:10] Requirement org.eclipse.equinox.p2.iu:org.eclipse.wildwebdeveloper.xml.feature.feature.group
[2025-06-17 21:46:10] Requirement org.eclipse.equinox.p2.iu:org.eclipse.oomph.setup.feature.group
[2025-06-17 21:46:10] Repository https://download.eclipse.org/justj/jres/21/updates/release/latest
[2025-06-17 21:46:10] Repository https://download.eclipse.org/technology/epp/packages/2025-06/202506041200
[2025-06-17 21:46:10] Repository https://download.eclipse.org/releases/2025-06/202506111000
[2025-06-17 21:46:10] Repository https://download.eclipse.org/oomph/updates/milestone/latest
[2025-06-17 21:46:14] Calculating requirements and dependencies.
[2025-06-17 21:46:15] Computing prerequisite plan
[2025-06-17 21:46:19] Collecting 2 artifacts from https://download.eclipse.org/releases/2025-06/202506111000
[2025-06-17 21:46:19] Collected 2 artifacts for https://download.eclipse.org/releases/2025-06/202506111000 in 0.008s
[2025-06-17 21:46:19] Collecting 3 artifacts from https://download.eclipse.org/technology/epp/packages/2025-06/202506041200
[2025-06-17 21:46:20] Fetching org.eclipse.epp.package.java_4.36.0.20250605-1300.jar from https://download.eclipse.org/technology/epp/packages/2025-06/202506041200/plugins/ (268.16kB)
[2025-06-17 21:46:20] Fetching epp.package.java.executable.win32.win32.x86_64_4.36.0.20250605-1300 from https://download.eclipse.org/technology/epp/packages/2025-06/202506041200/binary/ (280.65kB)
[2025-06-17 21:46:20] Fetching org.eclipse.epp.package.java.feature_4.36.0.20250605-1300.jar from https://download.eclipse.org/technology/epp/packages/2025-06/202506041200/features/ (22.68kB)
[2025-06-17 21:46:21] Mirrored 3 artifacts from https://download.eclipse.org/technology/epp/packages/2025-06/202506041200/ at 116kb/s
[2025-06-17 21:46:21] Collected 3 artifacts for https://download.eclipse.org/technology/epp/packages/2025-06/202506041200 in 2.054s
[2025-06-17 21:47:08] Installing bcpg [1.80.0]
[2025-06-17 21:47:08] Installing bcpkix [1.80.0]
[2025-06-17 21:47:08] Installing bcprov [1.80.0]
[2025-06-17 21:47:08] Installing bcutil [1.80.0]
[2025-06-17 21:47:08] Installing biz.aQute.bnd.util [7.1.0.202411251545]
[2025-06-17 21:47:08] Installing biz.aQute.bndlib [7.1.0.202411251545]
[2025-06-17 21:47:08] Installing ch.qos.logback.classic [1.5.18]
[2025-06-17 21:47:08] Installing ch.qos.logback.core [1.5.18]
[2025-06-17 21:47:08] Installing com.github.weisj.jsvg [1.7.2]
[2025-06-17 21:47:08] Installing com.google.gson [2.13.1]
[2025-06-17 21:47:08] Installing com.google.guava [33.4.8.jre]
[2025-06-17 21:47:08] Installing com.google.guava.failureaccess [1.0.3]
[2025-06-17 21:47:08] Installing com.googlecode.javaewah.JavaEWAH [1.2.3]
[2025-06-17 21:47:08] Installing com.ibm.icu [77.1.0]
[2025-06-17 21:47:08] Installing com.jcraft.jsch [0.1.55.v20230916-1400]
[2025-06-17 21:47:08] Installing com.mountainminds.eclemma.core [3.1.10.202505212130]
[2025-06-17 21:47:08] Installing com.sun.el.javax.el [3.0.4]
[2025-06-17 21:47:08] Installing com.sun.jna [5.17.0.v20250316-1700]
[2025-06-17 21:47:08] Installing com.sun.jna.platform [5.17.0]
[2025-06-17 21:47:08] Installing com.sun.xml.bind [2.3.3.v20221203-1659]
[2025-06-17 21:47:08] Installing configure.logback.classic [2.7.100.20250418-1315]
[2025-06-17 21:47:08] Installing epp.package.java [4.36.0.20250605-1300]
[2025-06-17 21:47:08] Installing epp.package.java.executable.win32.win32.x86_64 [4.36.0.20250605-1300]
[2025-06-17 21:47:08] Installing epp.package.java.executable.win32.win32.x86_64.eclipse [4.36.0.20250605-1300]
[2025-06-17 21:47:08] Installing jakarta.annotation-api [2.1.1]
[2025-06-17 21:47:08] Installing jakarta.inject.jakarta.inject-api [1.0.5]
[2025-06-17 21:47:08] Installing jakarta.xml.bind [2.3.3.v20201118-1818]
[2025-06-17 21:47:08] Installing javax.activation [1.2.2.v20221203-1659]
[2025-06-17 21:47:08] Installing javax.annotation [1.3.5.v20200909-1856]
[2025-06-17 21:47:08] Installing javax.xml.jre [1.3.4.202210170008]
[2025-06-17 21:47:08] Installing jaxen [2.0.0]
[2025-06-17 21:47:08] Installing junit-jupiter-api [5.12.2]
[2025-06-17 21:47:08] Installing junit-jupiter-engine [5.12.2]
[2025-06-17 21:47:08] Installing junit-jupiter-migrationsupport [5.12.2]
[2025-06-17 21:47:08] Installing junit-jupiter-params [5.12.2]
[2025-06-17 21:47:08] Installing junit-platform-commons [1.12.2]
[2025-06-17 21:47:08] Installing junit-platform-engine [1.12.2]
[2025-06-17 21:47:08] Installing junit-platform-launcher [1.12.2]
[2025-06-17 21:47:08] Installing junit-platform-runner [1.12.2]
[2025-06-17 21:47:08] Installing junit-platform-suite-api [1.12.2]
[2025-06-17 21:47:08] Installing junit-platform-suite-commons [1.12.2]
[2025-06-17 21:47:08] Installing junit-platform-suite-engine [1.12.2]
[2025-06-17 21:47:08] Installing junit-vintage-engine [5.12.2]
[2025-06-17 21:47:08] Installing net.bytebuddy.byte-buddy-agent [1.17.5]
[2025-06-17 21:47:08] Installing org.apache.ant [1.10.15.v20240901-1000]
[2025-06-17 21:47:08] Installing org.apache.aries.spifly.dynamic.bundle [1.3.7]
[2025-06-17 21:47:08] Installing org.apache.batik.constants [1.18.0.v20241009-1200]
[2025-06-17 21:47:08] Installing org.apache.batik.css [1.18.0.v20241009-1200]
[2025-06-17 21:47:08] Installing org.apache.batik.i18n [1.18.0.v20241009-1200]
[2025-06-17 21:47:08] Installing org.apache.batik.util [1.18.0.v20241009-1200]
[2025-06-17 21:47:08] Installing org.apache.commons.cli [1.9.0]
[2025-06-17 21:47:08] Installing org.apache.commons.commons-codec [1.16.0]
[2025-06-17 21:47:08] Installing org.apache.commons.commons-collections4 [4.5.0]
[2025-06-17 21:47:08] Installing org.apache.commons.commons-compress [1.27.1]
[2025-06-17 21:47:08] Installing org.apache.commons.commons-io [2.19.0]
[2025-06-17 21:47:08] Installing org.apache.commons.httpclient [3.1.0.v20240401-1000]
[2025-06-17 21:47:08] Installing org.apache.commons.lang3 [3.17.0]
[2025-06-17 21:47:08] Installing org.apache.commons.logging [1.2.0]
[2025-06-17 21:47:08] Installing org.apache.commons.text [1.12.0]
[2025-06-17 21:47:08] Installing org.apache.felix.gogo.command [1.1.2]
[2025-06-17 21:47:08] Installing org.apache.felix.gogo.runtime [1.1.6]
[2025-06-17 21:47:08] Installing org.apache.felix.gogo.shell [1.1.4]
[2025-06-17 21:47:08] Installing org.apache.felix.scr [2.2.12]
[2025-06-17 21:47:08] Installing org.apache.httpcomponents.client5.httpclient5 [5.4.4.v20250501-1000]
[2025-06-17 21:47:08] Installing org.apache.httpcomponents.client5.httpclient5-win [5.2.3.v20231203-1619]
[2025-06-17 21:47:08] Installing org.apache.httpcomponents.core5.httpcore5 [5.3.4.v20250320-1400]
[2025-06-17 21:47:08] Installing org.apache.httpcomponents.core5.httpcore5-h2 [5.3.4.v20250320-1400]
[2025-06-17 21:47:08] Installing org.apache.httpcomponents.httpclient [4.5.14]
[2025-06-17 21:47:08] Installing org.apache.httpcomponents.httpcore [4.4.16]
[2025-06-17 21:47:08] Installing org.apache.lucene.analysis-common [10.2.1.v20250501-1000]
[2025-06-17 21:47:08] Installing org.apache.lucene.analysis-smartcn [10.2.1.v20250501-1000]
[2025-06-17 21:47:08] Installing org.apache.lucene.core [10.2.1.v20250501-1000]
[2025-06-17 21:47:08] Installing org.apache.lucene.facet [10.2.1.v20250501-1000]
[2025-06-17 21:47:08] Installing org.apache.lucene.queries [10.2.1.v20250501-1000]
[2025-06-17 21:47:08] Installing org.apache.lucene.queryparser [10.2.1.v20250501-1000]
[2025-06-17 21:47:08] Installing org.apache.lucene.sandbox [10.2.1.v20250501-1000]
[2025-06-17 21:47:08] Installing org.apache.sshd.osgi [2.15.0]
[2025-06-17 21:47:08] Installing org.apache.sshd.sftp [2.15.0]
[2025-06-17 21:47:08] Installing org.apache.tika.core [2.9.4]
[2025-06-17 21:47:08] Installing org.apache.ws.commons.util [1.0.2.v20230723-0712]
[2025-06-17 21:47:08] Installing org.apache.xerces [2.12.2.v20230928-1306]
[2025-06-17 21:47:08] Installing org.apache.xml.resolver [1.2.0.v20230928-1222]
[2025-06-17 21:47:08] Installing org.apache.xmlgraphics [2.10.0.v20241009-1200]
[2025-06-17 21:47:08] Installing org.apache.xmlrpc.client [3.1.3.v20160817-1930]
[2025-06-17 21:47:08] Installing org.apache.xmlrpc.common [3.1.3.v20181004-1955]
[2025-06-17 21:47:08] Installing org.apiguardian.api [1.1.2]
[2025-06-17 21:47:08] Installing org.commonmark [0.24.0.v20241021-1700]
[2025-06-17 21:47:08] Installing org.commonmark-gfm-tables [0.24.0.v20241021-1700]
[2025-06-17 21:47:08] Installing org.eclipse.ant.core [3.7.600.v20241215-2025]
[2025-06-17 21:47:08] Installing org.eclipse.ant.launching [1.4.700.v20250120-0913]
[2025-06-17 21:47:08] Installing org.eclipse.ant.ui [3.10.100.v20250514-1721]
[2025-06-17 21:47:08] Installing org.eclipse.buildship.branding [3.1.10.v20240802-1314]
[2025-06-17 21:47:08] Installing org.eclipse.buildship.compat [3.1.10.v20240802-1314]
[2025-06-17 21:47:08] Installing org.eclipse.buildship.core [3.1.10.v20240802-1314]
[2025-06-17 21:47:08] Installing org.eclipse.buildship.feature.group [3.1.10.v20240802-1314]
[2025-06-17 21:47:08] Installing org.eclipse.buildship.feature.jar [3.1.10.v20240802-1314]
[2025-06-17 21:47:08] Installing org.eclipse.buildship.ui [3.1.10.v20240802-1314]
[2025-06-17 21:47:08] Installing org.eclipse.cdt.core.native [6.4.0.202505200054]
[2025-06-17 21:47:08] Installing org.eclipse.cdt.core.win32 [6.1.200.202505191828]
[2025-06-17 21:47:08] Installing org.eclipse.cdt.core.win32.x86_64 [12.1.0.202506041907]
[2025-06-17 21:47:08] Installing org.eclipse.compare [3.11.400.v20250513-1235]
[2025-06-17 21:47:08] Installing org.eclipse.compare.core [3.8.700.v20250120-0641]
[2025-06-17 21:47:08] Installing org.eclipse.compare.win32 [1.3.500.v20250513-1235]
[2025-06-17 21:47:08] Installing org.eclipse.core.commands [3.12.400.v20250312-0643]
[2025-06-17 21:47:08] Installing org.eclipse.core.contenttype [3.9.600.v20241001-1711]
[2025-06-17 21:47:08] Installing org.eclipse.core.databinding [1.13.500.v20250409-0730]
[2025-06-17 21:47:08] Installing org.eclipse.core.databinding.beans [1.10.400.v20250409-0730]
[2025-06-17 21:47:08] Installing org.eclipse.core.databinding.observable [1.13.400.v20250409-0730]
[2025-06-17 21:47:08] Installing org.eclipse.core.databinding.property [1.10.400.v20250409-0730]
[2025-06-17 21:47:08] Installing org.eclipse.core.expressions [3.9.400.v20240413-1529]
[2025-06-17 21:47:08] Installing org.eclipse.core.externaltools [1.3.400.v20240413-1529]
[2025-06-17 21:47:08] Installing org.eclipse.core.filebuffers [3.8.400.v20250108-1526]
[2025-06-17 21:47:08] Installing org.eclipse.core.filesystem [1.11.200.v20250513-1234]
[2025-06-17 21:47:08] Installing org.eclipse.core.jobs [3.15.600.v20250513-1234]
[2025-06-17 21:47:08] Installing org.eclipse.core.net [1.5.700.v20250313-0656]
[2025-06-17 21:47:08] Installing org.eclipse.core.resources [3.22.200.v20250513-1234]
[2025-06-17 21:47:08] Installing org.eclipse.core.runtime [3.33.100.v20250516-0931]
[2025-06-17 21:47:08] Installing org.eclipse.core.variables [3.6.500.v20240702-1152]
[2025-06-17 21:47:08] Installing org.eclipse.debug.core [3.23.0.v20250509-1924]
[2025-06-17 21:47:08] Installing org.eclipse.debug.ui [3.18.800.v20250514-1721]
[2025-06-17 21:47:08] Installing org.eclipse.debug.ui.launchview [1.1.800.v20250514-1721]
[2025-06-17 21:47:08] Installing org.eclipse.e4.core.commands [1.1.600.v20250307-1331]
[2025-06-17 21:47:08] Installing org.eclipse.e4.core.contexts [1.13.100.v20250122-1647]
[2025-06-17 21:47:08] Installing org.eclipse.e4.core.di [1.9.600.v20250501-1140]
[2025-06-17 21:47:08] Installing org.eclipse.e4.core.di.annotations [1.8.400.v20240413-1529]
[2025-06-17 21:47:08] Installing org.eclipse.e4.core.di.extensions [0.18.300.v20240413-1529]
[2025-06-17 21:47:08] Installing org.eclipse.e4.core.di.extensions.supplier [0.17.800.v20250331-0742]
[2025-06-17 21:47:08] Installing org.eclipse.e4.core.services [2.5.200.v20250326-1945]
[2025-06-17 21:47:08] Installing org.eclipse.e4.emf.xpath [0.6.0.v20250215-1931]
[2025-06-17 21:47:08] Installing org.eclipse.e4.rcp.feature.group [4.36.0.v20250528-1759]
[2025-06-17 21:47:08] Installing org.eclipse.e4.rcp.feature.jar [4.36.0.v20250528-1759]
[2025-06-17 21:47:08] Installing org.eclipse.e4.ui.bindings [0.14.600.v20250331-1050]
[2025-06-17 21:47:08] Installing org.eclipse.e4.ui.css.core [0.14.500.v20240606-0949]
[2025-06-17 21:47:08] Installing org.eclipse.e4.ui.css.swt [0.15.600.v20250409-1135]
[2025-06-17 21:47:08] Installing org.eclipse.e4.ui.css.swt.theme [0.14.500.v20250213-1508]
[2025-06-17 21:47:08] Installing org.eclipse.e4.ui.di [1.5.600.v20250320-0558]
[2025-06-17 21:47:08] Installing org.eclipse.e4.ui.dialogs [1.6.100.v20250422-1254]
[2025-06-17 21:47:08] Installing org.eclipse.e4.ui.ide [3.17.200.v20231201-1637]
[2025-06-17 21:47:08] Installing org.eclipse.e4.ui.model.workbench [2.4.600.v20250318-1132]
[2025-06-17 21:47:08] Installing org.eclipse.e4.ui.progress [0.4.800.v20250422-1254]
[2025-06-17 21:47:08] Installing org.eclipse.e4.ui.services [1.6.500.v20250123-0754]
[2025-06-17 21:47:08] Installing org.eclipse.e4.ui.swt.win32 [1.2.300.v20240416-0658]
[2025-06-17 21:47:08] Installing org.eclipse.e4.ui.widgets [1.4.200.v20240801-0837]
[2025-06-17 21:47:08] Installing org.eclipse.e4.ui.workbench [1.18.0.v20250423-1201]
[2025-06-17 21:47:08] Installing org.eclipse.e4.ui.workbench.addons.swt [1.5.700.v20250422-1254]
[2025-06-17 21:47:08] Installing org.eclipse.e4.ui.workbench.renderers.swt [0.16.800.v20250519-1609]
[2025-06-17 21:47:08] Installing org.eclipse.e4.ui.workbench.swt [0.17.800.v20250422-1254]
[2025-06-17 21:47:08] Installing org.eclipse.e4.ui.workbench3 [0.17.500.v20250508-1247]
[2025-06-17 21:47:08] Installing org.eclipse.ecf [3.13.0.v20250304-2338]
[2025-06-17 21:47:08] Installing org.eclipse.ecf.core.feature.feature.group [1.7.0.v20250304-2338]
[2025-06-17 21:47:08] Installing org.eclipse.ecf.core.feature.feature.jar [1.7.0.v20250304-2338]
[2025-06-17 21:47:08] Installing org.eclipse.ecf.discovery [5.3.0.v20241230-2050]
[2025-06-17 21:47:08] Installing org.eclipse.ecf.filetransfer [5.1.103.v20230705-0614]
[2025-06-17 21:47:08] Installing org.eclipse.ecf.filetransfer.feature.feature.group [3.15.0.v20250115-0406]
[2025-06-17 21:47:08] Installing org.eclipse.ecf.filetransfer.feature.feature.jar [3.15.0.v20250115-0406]
[2025-06-17 21:47:08] Installing org.eclipse.ecf.filetransfer.httpclient5.feature.feature.group [1.2.0.v20250501-1000]
[2025-06-17 21:47:08] Installing org.eclipse.ecf.filetransfer.httpclient5.feature.feature.jar [1.2.0.v20250501-1000]
[2025-06-17 21:47:08] Installing org.eclipse.ecf.filetransfer.httpclientjava.feature.feature.group [2.1.0.v20250108-1923]
[2025-06-17 21:47:08] Installing org.eclipse.ecf.filetransfer.httpclientjava.feature.feature.jar [2.1.0.v20250108-1923]
[2025-06-17 21:47:08] Installing org.eclipse.ecf.identity [3.10.0.v20240812-1535]
[2025-06-17 21:47:08] Installing org.eclipse.ecf.provider.filetransfer [3.3.100.v20250115-0406]
[2025-06-17 21:47:08] Installing org.eclipse.ecf.provider.filetransfer.httpclient5 [1.1.100.v20250108-1923]
[2025-06-17 21:47:08] Installing org.eclipse.ecf.provider.filetransfer.httpclient5.win32 [1.1.200.v20250122-1953]
[2025-06-17 21:47:08] Installing org.eclipse.ecf.provider.filetransfer.httpclientjava [2.1.0.v20250108-1923]
[2025-06-17 21:47:08] Installing org.eclipse.ecf.provider.jmdns [4.4.0.v20231021-2050]
[2025-06-17 21:47:08] Installing org.eclipse.eclemma.core [3.1.10.202505212130]
[2025-06-17 21:47:08] Installing org.eclipse.eclemma.doc [3.1.10.202505212130]
[2025-06-17 21:47:08] Installing org.eclipse.eclemma.feature.feature.group [3.1.10.202505212130]
[2025-06-17 21:47:08] Installing org.eclipse.eclemma.feature.feature.jar [3.1.10.202505212130]
[2025-06-17 21:47:08] Installing org.eclipse.eclemma.ui [3.1.10.202505212130]
[2025-06-17 21:47:08] Installing org.eclipse.egit [7.3.0.202506031305-r]
[2025-06-17 21:47:08] Installing org.eclipse.egit.core [7.3.0.202506031305-r]
[2025-06-17 21:47:08] Installing org.eclipse.egit.doc [7.3.0.202506031305-r]
[2025-06-17 21:47:08] Installing org.eclipse.egit.feature.group [7.3.0.202506031305-r]
[2025-06-17 21:47:08] Installing org.eclipse.egit.feature.jar [7.3.0.202506031305-r]
[2025-06-17 21:47:08] Installing org.eclipse.egit.github.core [6.1.0.202203080745-r]
[2025-06-17 21:47:08] Installing org.eclipse.egit.ui [7.3.0.202506031305-r]
[2025-06-17 21:47:08] Installing org.eclipse.emf.common [2.42.0.v20250401-0947]
[2025-06-17 21:47:08] Installing org.eclipse.emf.common.feature.group [2.35.0.v20250401-0947]
[2025-06-17 21:47:08] Installing org.eclipse.emf.common.feature.jar [2.35.0.v20250401-0947]
[2025-06-17 21:47:08] Installing org.eclipse.emf.common.ui [2.25.0.v20250329-0911]
[2025-06-17 21:47:08] Installing org.eclipse.emf.databinding [1.9.0.v20240604-0832]
[2025-06-17 21:47:08] Installing org.eclipse.emf.ecore [2.39.0.v20250401-0947]
[2025-06-17 21:47:08] Installing org.eclipse.emf.ecore.change [2.17.0.v20240604-0832]
[2025-06-17 21:47:08] Installing org.eclipse.emf.ecore.edit [2.15.0.v20240604-0832]
[2025-06-17 21:47:08] Installing org.eclipse.emf.ecore.feature.group [2.40.0.v20250414-1351]
[2025-06-17 21:47:08] Installing org.eclipse.emf.ecore.feature.jar [2.40.0.v20250414-1351]
[2025-06-17 21:47:08] Installing org.eclipse.emf.ecore.xmi [2.39.0.v20250414-1351]
[2025-06-17 21:47:08] Installing org.eclipse.emf.edit [2.23.0.v20250330-0741]
[2025-06-17 21:47:08] Installing org.eclipse.emf.edit.ui [2.26.0.v20250405-0811]
[2025-06-17 21:47:08] Installing org.eclipse.epp.mpc.core [1.12.1.v20250508-2126]
[2025-06-17 21:47:08] Installing org.eclipse.epp.mpc.core.win32 [1.12.1.v20250508-2126]
[2025-06-17 21:47:08] Installing org.eclipse.epp.mpc.feature.group [1.12.1.v20250508-2126]
[2025-06-17 21:47:08] Installing org.eclipse.epp.mpc.feature.jar [1.12.1.v20250508-2126]
[2025-06-17 21:47:08] Installing org.eclipse.epp.mpc.help.ui [1.12.1.v20250508-2126]
[2025-06-17 21:47:08] Installing org.eclipse.epp.mpc.ui [1.12.1.v20250508-2126]
[2025-06-17 21:47:08] Installing org.eclipse.epp.mpc.ui.css [1.12.1.v20250508-2126]
[2025-06-17 21:47:08] Installing org.eclipse.epp.package.common [4.36.0.20250605-1300]
[2025-06-17 21:47:08] Installing org.eclipse.epp.package.common.feature.feature.group [4.36.0.20250605-1300]
[2025-06-17 21:47:08] Installing org.eclipse.epp.package.common.feature.feature.jar [4.36.0.20250605-1300]
[2025-06-17 21:47:08] Installing org.eclipse.epp.package.java [4.36.0.20250605-1300]
[2025-06-17 21:47:08] Installing org.eclipse.epp.package.java.feature.feature.group [4.36.0.20250605-1300]
[2025-06-17 21:47:08] Installing org.eclipse.epp.package.java.feature.feature.jar [4.36.0.20250605-1300]
[2025-06-17 21:47:08] Installing org.eclipse.equinox.app [1.7.400.v20250515-0510]
[2025-06-17 21:47:08] Installing org.eclipse.equinox.bidi [1.5.300.v20250515-0503]
[2025-06-17 21:47:08] Installing org.eclipse.equinox.common [3.20.100.v20250506-0427]
[2025-06-17 21:47:08] Installing org.eclipse.equinox.concurrent [1.3.300.v20250516-0535]
[2025-06-17 21:47:08] Installing org.eclipse.equinox.console [1.4.1000.v20250518-0610]
[2025-06-17 21:47:08] Installing org.eclipse.equinox.event [1.7.300.v20250518-0609]
[2025-06-17 21:47:08] Installing org.eclipse.equinox.frameworkadmin [2.3.400.v20250515-0513]
[2025-06-17 21:47:08] Installing org.eclipse.equinox.frameworkadmin.equinox [1.3.400.v20250515-0513]
[2025-06-17 21:47:08] Installing org.eclipse.equinox.http.jetty [3.9.400.v20250518-0608]
[2025-06-17 21:47:08] Installing org.eclipse.equinox.http.registry [1.4.300.v20250518-0606]
[2025-06-17 21:47:08] Installing org.eclipse.equinox.http.service.api [1.2.102.v20250520-0629]
[2025-06-17 21:47:08] Installing org.eclipse.equinox.http.servlet [1.8.400.v20250317-0606]
[2025-06-17 21:47:08] Installing org.eclipse.equinox.jsp.jasper [1.2.300.v20250519-0531]
[2025-06-17 21:47:08] Installing org.eclipse.equinox.jsp.jasper.registry [1.3.200.v20250519-0534]
[2025-06-17 21:47:08] Installing org.eclipse.equinox.launcher [1.7.0.v20250519-0528]
[2025-06-17 21:47:08] Installing org.eclipse.equinox.launcher.win32.win32.x86_64 [1.2.1300.v20250331-1702]
[2025-06-17 21:47:08] Installing org.eclipse.equinox.p2.artifact.repository [1.5.700.v20250515-0511]
[2025-06-17 21:47:08] Installing org.eclipse.equinox.p2.console [1.3.700.v20250515-0507]
[2025-06-17 21:47:08] Installing org.eclipse.equinox.p2.core [2.13.100.v20250317-0903]
[2025-06-17 21:47:08] Installing org.eclipse.equinox.p2.core.feature.feature.group [1.7.600.v20250521-0415]
[2025-06-17 21:47:08] Installing org.eclipse.equinox.p2.core.feature.feature.jar [1.7.600.v20250521-0415]
[2025-06-17 21:47:08] Installing org.eclipse.equinox.p2.director [2.6.700.v20250513-1040]
[2025-06-17 21:47:08] Installing org.eclipse.equinox.p2.director.app [1.3.700.v20250513-0835]
[2025-06-17 21:47:08] Installing org.eclipse.equinox.p2.directorywatcher [1.4.600.v20250516-0531]
[2025-06-17 21:47:08] Installing org.eclipse.equinox.p2.discovery [1.3.600.v20250516-0521]
[2025-06-17 21:47:08] Installing org.eclipse.equinox.p2.discovery.compatibility [1.3.700.v20250516-0530]
[2025-06-17 21:47:08] Installing org.eclipse.equinox.p2.discovery.feature.feature.group [1.3.800.v20250520-0605]
[2025-06-17 21:47:08] Installing org.eclipse.equinox.p2.discovery.feature.feature.jar [1.3.800.v20250520-0605]
[2025-06-17 21:47:08] Installing org.eclipse.equinox.p2.engine [2.10.500.v20250516-0523]
[2025-06-17 21:47:08] Installing org.eclipse.equinox.p2.extensionlocation [1.5.600.v20250517-0341]
[2025-06-17 21:47:08] Installing org.eclipse.equinox.p2.extras.feature.feature.group [1.4.2800.v20250521-0415]
[2025-06-17 21:47:08] Installing org.eclipse.equinox.p2.extras.feature.feature.jar [1.4.2800.v20250521-0415]
[2025-06-17 21:47:08] Installing org.eclipse.equinox.p2.garbagecollector [1.3.600.v20250323-0538]
[2025-06-17 21:47:08] Installing org.eclipse.equinox.p2.jarprocessor [1.3.600.v20250517-0338]
[2025-06-17 21:47:08] Installing org.eclipse.equinox.p2.metadata [2.9.400.v20250517-1821]
[2025-06-17 21:47:08] Installing org.eclipse.equinox.p2.metadata.repository [1.5.600.v20250517-0340]
[2025-06-17 21:47:08] Installing org.eclipse.equinox.p2.operations [2.7.600.v20250307-1441]
[2025-06-17 21:47:08] Installing org.eclipse.equinox.p2.publisher [1.9.500.v20250518-0605]
[2025-06-17 21:47:08] Installing org.eclipse.equinox.p2.publisher.eclipse [1.6.500.v20250518-0608]
[2025-06-17 21:47:08] Installing org.eclipse.equinox.p2.rcp.feature.feature.group [1.4.2800.v20250521-0421]
[2025-06-17 21:47:08] Installing org.eclipse.equinox.p2.rcp.feature.feature.jar [1.4.2800.v20250521-0421]
[2025-06-17 21:47:08] Installing org.eclipse.equinox.p2.reconciler.dropins [1.5.600.v20250518-0617]
[2025-06-17 21:47:08] Installing org.eclipse.equinox.p2.repository [2.9.400.v20250519-0535]
[2025-06-17 21:47:08] Installing org.eclipse.equinox.p2.repository.tools [2.4.700.v20250518-0616]
[2025-06-17 21:47:08] Installing org.eclipse.equinox.p2.touchpoint.eclipse [2.4.500.v20250317-0609]
[2025-06-17 21:47:08] Installing org.eclipse.equinox.p2.touchpoint.natives [1.5.600.v20250519-0525]
[2025-06-17 21:47:08] Installing org.eclipse.equinox.p2.transport.ecf [1.4.500.v20250519-0547]
[2025-06-17 21:47:08] Installing org.eclipse.equinox.p2.ui [2.8.800.v20250513-0911]
[2025-06-17 21:47:08] Installing org.eclipse.equinox.p2.ui.discovery [1.3.600.v20250520-0605]
[2025-06-17 21:47:08] Installing org.eclipse.equinox.p2.ui.importexport [1.4.700.v20250520-0546]
[2025-06-17 21:47:08] Installing org.eclipse.equinox.p2.ui.sdk [1.3.500.v20250521-0421]
[2025-06-17 21:47:08] Installing org.eclipse.equinox.p2.ui.sdk.scheduler [1.6.500.v20250520-0551]
[2025-06-17 21:47:08] Installing org.eclipse.equinox.p2.updatechecker [1.4.500.v20250307-0711]
[2025-06-17 21:47:08] Installing org.eclipse.equinox.p2.updatesite [1.3.700.v20250323-0539]
[2025-06-17 21:47:08] Installing org.eclipse.equinox.p2.user.ui.feature.group [2.4.2800.v20250521-0421]
[2025-06-17 21:47:08] Installing org.eclipse.equinox.p2.user.ui.feature.jar [2.4.2800.v20250521-0421]
[2025-06-17 21:47:08] Installing org.eclipse.equinox.preferences [3.11.400.v20250520-0549]
[2025-06-17 21:47:08] Installing org.eclipse.equinox.registry [3.12.400.v20250505-2005]
[2025-06-17 21:47:08] Installing org.eclipse.equinox.security [1.4.600.v20250521-0413]
[2025-06-17 21:47:08] Installing org.eclipse.equinox.security.ui [1.4.500.v20250521-0417]
[2025-06-17 21:47:08] Installing org.eclipse.equinox.security.win32 [1.3.0.v20240419-2334]
[2025-06-17 21:47:08] Installing org.eclipse.equinox.simpleconfigurator [1.5.500.v20250306-1127]
[2025-06-17 21:47:08] Installing org.eclipse.equinox.simpleconfigurator.manipulator [2.3.500.v20250307-0803]
[2025-06-17 21:47:08] Installing org.eclipse.help [3.10.500.v20250423-1201]
[2025-06-17 21:47:08] Installing org.eclipse.help.base [4.5.100.v20250528-1830]
[2025-06-17 21:47:08] Installing org.eclipse.help.feature.group [2.3.2200.v20250528-1830]
[2025-06-17 21:47:08] Installing org.eclipse.help.feature.jar [2.3.2200.v20250528-1830]
[2025-06-17 21:47:08] Installing org.eclipse.help.ui [4.8.100.v20250514-0729]
[2025-06-17 21:47:08] Installing org.eclipse.help.webapp [3.12.100.v20250416-0759]
[2025-06-17 21:47:08] Installing org.eclipse.jdt [3.19.900.v20250528-1830]
[2025-06-17 21:47:08] Installing org.eclipse.jdt.annotation [2.3.100.v20241001-0914]
[2025-06-17 21:47:08] Installing org.eclipse.jdt.apt.core [3.8.600.v20241001-0914]
[2025-06-17 21:47:08] Installing org.eclipse.jdt.apt.pluggable.core [1.4.600.v20241001-0914]
[2025-06-17 21:47:08] Installing org.eclipse.jdt.apt.ui [3.8.700.v20250319-0715]
[2025-06-17 21:47:08] Installing org.eclipse.jdt.bcoview [1.3.0.v20250114-1355]
[2025-06-17 21:47:08] Installing org.eclipse.jdt.bcoview.feature.feature.group [1.2.700.v20250114-1355]
[2025-06-17 21:47:08] Installing org.eclipse.jdt.bcoview.feature.feature.jar [1.2.700.v20250114-1355]
[2025-06-17 21:47:08] Installing org.eclipse.jdt.core [3.42.0.v20250523-0728]
[2025-06-17 21:47:08] Installing org.eclipse.jdt.core.compiler.batch [3.42.0.v20250526-2018]
[2025-06-17 21:47:08] Installing org.eclipse.jdt.core.formatterapp [1.2.300.v20241001-0914]
[2025-06-17 21:47:08] Installing org.eclipse.jdt.core.manipulation [1.23.0.v20250521-2253]
[2025-06-17 21:47:08] Installing org.eclipse.jdt.debug [3.23.0.v20250516-0336]
[2025-06-17 21:47:08] Installing org.eclipse.jdt.debug.ui [3.15.0.v20250516-0336]
[2025-06-17 21:47:08] Installing org.eclipse.jdt.doc.user [3.15.2600.v20250522-0533]
[2025-06-17 21:47:08] Installing org.eclipse.jdt.feature.group [3.20.200.v20250528-1830]
[2025-06-17 21:47:08] Installing org.eclipse.jdt.feature.jar [3.20.200.v20250528-1830]
[2025-06-17 21:47:08] Installing org.eclipse.jdt.junit [3.17.100.v20250429-2027]
[2025-06-17 21:47:08] Installing org.eclipse.jdt.junit.core [3.13.500.v20250108-1123]
[2025-06-17 21:47:08] Installing org.eclipse.jdt.junit.runtime [3.7.600.v20250118-1031]
[2025-06-17 21:47:08] Installing org.eclipse.jdt.junit4.runtime [1.3.100.v20231214-1952]
[2025-06-17 21:47:08] Installing org.eclipse.jdt.junit5.runtime [1.1.300.v20231214-1952]
[2025-06-17 21:47:08] Installing org.eclipse.jdt.launching [3.23.300.v20250401-0654]
[2025-06-17 21:47:08] Installing org.eclipse.jdt.ui [3.35.0.v20250521-0737]
[2025-06-17 21:47:08] Installing org.eclipse.jetty.ee8.security [12.0.21]
[2025-06-17 21:47:08] Installing org.eclipse.jetty.ee8.server [12.0.21]
[2025-06-17 21:47:08] Installing org.eclipse.jetty.ee8.servlet [12.0.21]
[2025-06-17 21:47:08] Installing org.eclipse.jetty.http [12.0.21]
[2025-06-17 21:47:08] Installing org.eclipse.jetty.io [12.0.21]
[2025-06-17 21:47:08] Installing org.eclipse.jetty.security [12.0.21]
[2025-06-17 21:47:08] Installing org.eclipse.jetty.server [12.0.21]
[2025-06-17 21:47:08] Installing org.eclipse.jetty.servlet-api [4.0.6]
[2025-06-17 21:47:08] Installing org.eclipse.jetty.session [12.0.21]
[2025-06-17 21:47:08] Installing org.eclipse.jetty.util [12.0.21]
[2025-06-17 21:47:08] Installing org.eclipse.jface [3.37.0.v20250522-1428]
[2025-06-17 21:47:08] Installing org.eclipse.jface.databinding [1.15.300.v20240424-0444]
[2025-06-17 21:47:08] Installing org.eclipse.jface.notifications [0.7.400.v20250426-1415]
[2025-06-17 21:47:08] Installing org.eclipse.jface.text [3.28.0.v20250520-1938]
[2025-06-17 21:47:08] Installing org.eclipse.jgit [7.3.0.202506031305-r]
[2025-06-17 21:47:08] Installing org.eclipse.jgit.archive [7.3.0.202506031305-r]
[2025-06-17 21:47:08] Installing org.eclipse.jgit.feature.group [7.3.0.202506031305-r]
[2025-06-17 21:47:08] Installing org.eclipse.jgit.feature.jar [7.3.0.202506031305-r]
[2025-06-17 21:47:08] Installing org.eclipse.jgit.gpg.bc [7.3.0.202506031305-r]
[2025-06-17 21:47:08] Installing org.eclipse.jgit.gpg.bc.feature.group [7.3.0.202506031305-r]
[2025-06-17 21:47:08] Installing org.eclipse.jgit.gpg.bc.feature.jar [7.3.0.202506031305-r]
[2025-06-17 21:47:08] Installing org.eclipse.jgit.http.apache [7.3.0.202506031305-r]
[2025-06-17 21:47:08] Installing org.eclipse.jgit.http.apache.feature.group [7.3.0.202506031305-r]
[2025-06-17 21:47:08] Installing org.eclipse.jgit.http.apache.feature.jar [7.3.0.202506031305-r]
[2025-06-17 21:47:08] Installing org.eclipse.jgit.ssh.apache [7.3.0.202506031305-r]
[2025-06-17 21:47:08] Installing org.eclipse.jgit.ssh.apache.agent [7.3.0.202506031305-r]
[2025-06-17 21:47:08] Installing org.eclipse.jgit.ssh.apache.feature.group [7.3.0.202506031305-r]
[2025-06-17 21:47:08] Installing org.eclipse.jgit.ssh.apache.feature.jar [7.3.0.202506031305-r]
[2025-06-17 21:47:08] Installing org.eclipse.jsch.core [1.5.600.v20250513-1235]
[2025-06-17 21:47:08] Installing org.eclipse.jsch.ui [1.5.700.v20250504-2222]
[2025-06-17 21:47:08] Installing org.eclipse.justj.openjdk.hotspot.jre.full [21.0.7.v20250502-0916]
[2025-06-17 21:47:08] Installing org.eclipse.justj.openjdk.hotspot.jre.full.feature.group [21.0.7.v20250502-0916]
[2025-06-17 21:47:08] Installing org.eclipse.justj.openjdk.hotspot.jre.full.feature.jar [21.0.7.v20250502-0916]
[2025-06-17 21:47:08] Installing org.eclipse.justj.openjdk.hotspot.jre.full.win32.x86_64 [21.0.7.v20250502-0916]
[2025-06-17 21:47:08] Installing org.eclipse.lsp4e [0.18.20.202505071137]
[2025-06-17 21:47:08] Installing org.eclipse.lsp4j [0.24.0.v20250131-1745]
[2025-06-17 21:47:08] Installing org.eclipse.lsp4j.jsonrpc [0.24.0.v20250131-1745]
[2025-06-17 21:47:08] Installing org.eclipse.ltk.core.refactoring [3.15.0.v20241206-0650]
[2025-06-17 21:47:08] Installing org.eclipse.ltk.ui.refactoring [3.13.600.v20250528-2229]
[2025-06-17 21:47:08] Installing org.eclipse.m2e.apt.core [2.3.100.20250418-1315]
[2025-06-17 21:47:08] Installing org.eclipse.m2e.apt.ui [2.0.600.20250418-1315]
[2025-06-17 21:47:08] Installing org.eclipse.m2e.archetype.catalog [3.2.1.2]
[2025-06-17 21:47:08] Installing org.eclipse.m2e.archetype.common [3.2.104]
[2025-06-17 21:47:08] Installing org.eclipse.m2e.archetype.descriptor [3.2.1.2]
[2025-06-17 21:47:08] Installing org.eclipse.m2e.archetype.maven-artifact-transfer [0.13.1.2]
[2025-06-17 21:47:08] Installing org.eclipse.m2e.binaryproject [2.2.100.20250418-1315]
[2025-06-17 21:47:08] Installing org.eclipse.m2e.binaryproject.ui [2.1.100.20250418-1315]
[2025-06-17 21:47:08] Installing org.eclipse.m2e.core [2.7.2.20250318-1458]
[2025-06-17 21:47:08] Installing org.eclipse.m2e.core.ui [2.4.0.20250224-0720]
[2025-06-17 21:47:08] Installing org.eclipse.m2e.discovery [2.1.100.20250418-1315]
[2025-06-17 21:47:08] Installing org.eclipse.m2e.editor [2.1.100.20250418-1315]
[2025-06-17 21:47:08] Installing org.eclipse.m2e.editor.lemminx [2.0.900.20250514-0352]
[2025-06-17 21:47:08] Installing org.eclipse.m2e.editor.lemminx.bnd [1.0.0.20250208-1755]
[2025-06-17 21:47:08] Installing org.eclipse.m2e.feature.feature.group [2.9.0.20250514-0352]
[2025-06-17 21:47:08] Installing org.eclipse.m2e.feature.feature.jar [2.9.0.20250514-0352]
[2025-06-17 21:47:08] Installing org.eclipse.m2e.jdt [2.4.100.20250418-1315]
[2025-06-17 21:47:08] Installing org.eclipse.m2e.jdt.ui [2.1.100.20250418-1315]
[2025-06-17 21:47:08] Installing org.eclipse.m2e.launching [2.1.100.20250418-1315]
[2025-06-17 21:47:08] Installing org.eclipse.m2e.lemminx.feature.feature.group [2.6.100.20250514-0352]
[2025-06-17 21:47:08] Installing org.eclipse.m2e.lemminx.feature.feature.jar [2.6.100.20250514-0352]
[2025-06-17 21:47:08] Installing org.eclipse.m2e.logback [2.7.100.20250418-1315]
[2025-06-17 21:47:08] Installing org.eclipse.m2e.logback.feature.feature.group [2.7.100.20250418-1315]
[2025-06-17 21:47:08] Installing org.eclipse.m2e.logback.feature.feature.jar [2.7.100.20250418-1315]
[2025-06-17 21:47:08] Installing org.eclipse.m2e.maven.runtime [3.9.900.20250220-2013]
[2025-06-17 21:47:08] Installing org.eclipse.m2e.mavenarchiver [2.1.100.20250418-1315]
[2025-06-17 21:47:08] Installing org.eclipse.m2e.model.edit [2.0.700.20250418-1315]
[2025-06-17 21:47:08] Installing org.eclipse.m2e.profiles.core [2.2.100.20250418-1315]
[2025-06-17 21:47:08] Installing org.eclipse.m2e.profiles.ui [2.1.100.20250418-1315]
[2025-06-17 21:47:08] Installing org.eclipse.m2e.refactoring [2.1.100.20250418-1315]
[2025-06-17 21:47:08] Installing org.eclipse.m2e.scm [2.1.100.20250418-1315]
[2025-06-17 21:47:08] Installing org.eclipse.m2e.sourcelookup [2.1.100.20250418-1315]
[2025-06-17 21:47:08] Installing org.eclipse.m2e.sourcelookup.ui [2.1.100.20250418-1315]
[2025-06-17 21:47:08] Installing org.eclipse.m2e.workspace.cli [0.4.0]
[2025-06-17 21:47:08] Installing org.eclipse.mylyn.builds.core [4.7.0.v20250326-1000]
[2025-06-17 21:47:08] Installing org.eclipse.mylyn.builds.feature.feature.group [4.7.0.v20250326-1000]
[2025-06-17 21:47:08] Installing org.eclipse.mylyn.builds.feature.feature.jar [4.7.0.v20250326-1000]
[2025-06-17 21:47:08] Installing org.eclipse.mylyn.builds.ui [4.7.0.v20250326-1000]
[2025-06-17 21:47:08] Installing org.eclipse.mylyn.commons.activity.feature.feature.group [4.7.0.v20250326-1000]
[2025-06-17 21:47:08] Installing org.eclipse.mylyn.commons.activity.feature.feature.jar [4.7.0.v20250326-1000]
[2025-06-17 21:47:08] Installing org.eclipse.mylyn.commons.activity.ui [4.7.0.v20250326-1000]
[2025-06-17 21:47:08] Installing org.eclipse.mylyn.commons.core [4.7.0.v20250326-1000]
[2025-06-17 21:47:08] Installing org.eclipse.mylyn.commons.feature.feature.group [4.7.0.v20250326-1000]
[2025-06-17 21:47:08] Installing org.eclipse.mylyn.commons.feature.feature.jar [4.7.0.v20250326-1000]
[2025-06-17 21:47:08] Installing org.eclipse.mylyn.commons.identity.core [4.7.0.v20250326-1000]
[2025-06-17 21:47:08] Installing org.eclipse.mylyn.commons.identity.feature.feature.group [4.7.0.v20250326-1000]
[2025-06-17 21:47:08] Installing org.eclipse.mylyn.commons.identity.feature.feature.jar [4.7.0.v20250326-1000]
[2025-06-17 21:47:08] Installing org.eclipse.mylyn.commons.identity.ui [4.7.0.v20250326-1000]
[2025-06-17 21:47:08] Installing org.eclipse.mylyn.commons.net [4.7.0.v20250326-1000]
[2025-06-17 21:47:08] Installing org.eclipse.mylyn.commons.notifications.core [4.7.0.v20250326-1000]
[2025-06-17 21:47:08] Installing org.eclipse.mylyn.commons.notifications.feature.feature.group [4.7.0.v20250326-1000]
[2025-06-17 21:47:08] Installing org.eclipse.mylyn.commons.notifications.feature.feature.jar [4.7.0.v20250326-1000]
[2025-06-17 21:47:08] Installing org.eclipse.mylyn.commons.notifications.feed [4.7.0.v20250326-1000]
[2025-06-17 21:47:08] Installing org.eclipse.mylyn.commons.notifications.ui [4.7.0.v20250326-1000]
[2025-06-17 21:47:08] Installing org.eclipse.mylyn.commons.repositories.core [4.7.0.v20250326-1000]
[2025-06-17 21:47:08] Installing org.eclipse.mylyn.commons.repositories.feature.feature.group [4.7.0.v20250326-1000]
[2025-06-17 21:47:08] Installing org.eclipse.mylyn.commons.repositories.feature.feature.jar [4.7.0.v20250326-1000]
[2025-06-17 21:47:08] Installing org.eclipse.mylyn.commons.repositories.http.core [4.7.0.v20250326-1000]
[2025-06-17 21:47:08] Installing org.eclipse.mylyn.commons.repositories.ui [4.7.0.v20250326-1000]
[2025-06-17 21:47:08] Installing org.eclipse.mylyn.commons.screenshots [4.7.0.v20250326-1000]
[2025-06-17 21:47:08] Installing org.eclipse.mylyn.commons.ui [4.7.0.v20250326-1000]
[2025-06-17 21:47:08] Installing org.eclipse.mylyn.commons.workbench [4.7.0.v20250326-1000]
[2025-06-17 21:47:08] Installing org.eclipse.mylyn.commons.xmlrpc [4.7.0.v20250326-1000]
[2025-06-17 21:47:08] Installing org.eclipse.mylyn.context.core [4.7.0.v20250326-1000]
[2025-06-17 21:47:08] Installing org.eclipse.mylyn.context.feature.feature.group [4.7.0.v20250326-1000]
[2025-06-17 21:47:08] Installing org.eclipse.mylyn.context.feature.feature.jar [4.7.0.v20250326-1000]
[2025-06-17 21:47:08] Installing org.eclipse.mylyn.context.tasks.ui [4.7.0.v20250326-1000]
[2025-06-17 21:47:08] Installing org.eclipse.mylyn.context.ui [4.7.0.v20250326-1000]
[2025-06-17 21:47:08] Installing org.eclipse.mylyn.debug.ui [4.7.0.v20250326-1000]
[2025-06-17 21:47:08] Installing org.eclipse.mylyn.egit.feature.feature.group [4.7.0.v20250326-1000]
[2025-06-17 21:47:08] Installing org.eclipse.mylyn.egit.feature.feature.jar [4.7.0.v20250326-1000]
[2025-06-17 21:47:08] Installing org.eclipse.mylyn.egit.ui [4.7.0.v20250326-1000]
[2025-06-17 21:47:08] Installing org.eclipse.mylyn.git.core [4.7.0.v20250326-1000]
[2025-06-17 21:47:08] Installing org.eclipse.mylyn.git.feature.feature.group [4.7.0.v20250326-1000]
[2025-06-17 21:47:08] Installing org.eclipse.mylyn.git.feature.feature.jar [4.7.0.v20250326-1000]
[2025-06-17 21:47:08] Installing org.eclipse.mylyn.git.ui [4.7.0.v20250326-1000]
[2025-06-17 21:47:08] Installing org.eclipse.mylyn.github.core [6.8.0.v20250326-1000]
[2025-06-17 21:47:08] Installing org.eclipse.mylyn.github.doc [6.8.0.v20250326-1000]
[2025-06-17 21:47:08] Installing org.eclipse.mylyn.github.feature.feature.group [6.8.0.v20250326-1000]
[2025-06-17 21:47:08] Installing org.eclipse.mylyn.github.feature.feature.jar [6.8.0.v20250326-1000]
[2025-06-17 21:47:08] Installing org.eclipse.mylyn.github.ui [6.8.0.v20250326-1000]
[2025-06-17 21:47:08] Installing org.eclipse.mylyn.help.ui [4.7.0.v20250326-1000]
[2025-06-17 21:47:08] Installing org.eclipse.mylyn.ide.ant [4.7.0.v20250326-1000]
[2025-06-17 21:47:08] Installing org.eclipse.mylyn.ide.feature.feature.group [4.7.0.v20250326-1000]
[2025-06-17 21:47:08] Installing org.eclipse.mylyn.ide.feature.feature.jar [4.7.0.v20250326-1000]
[2025-06-17 21:47:08] Installing org.eclipse.mylyn.ide.ui [4.7.0.v20250326-1000]
[2025-06-17 21:47:08] Installing org.eclipse.mylyn.java.tasks [4.7.0.v20250326-1000]
[2025-06-17 21:47:08] Installing org.eclipse.mylyn.java.ui [4.7.0.v20250326-1000]
[2025-06-17 21:47:08] Installing org.eclipse.mylyn.jdt.feature.feature.group [4.7.0.v20250326-1000]
[2025-06-17 21:47:08] Installing org.eclipse.mylyn.jdt.feature.feature.jar [4.7.0.v20250326-1000]
[2025-06-17 21:47:08] Installing org.eclipse.mylyn.jenkins.core [4.7.0.v20250326-1000]
[2025-06-17 21:47:08] Installing org.eclipse.mylyn.jenkins.feature.feature.group [4.7.0.v20250326-1000]
[2025-06-17 21:47:08] Installing org.eclipse.mylyn.jenkins.feature.feature.jar [4.7.0.v20250326-1000]
[2025-06-17 21:47:08] Installing org.eclipse.mylyn.jenkins.ui [4.7.0.v20250326-1000]
[2025-06-17 21:47:08] Installing org.eclipse.mylyn.monitor.core [4.7.0.v20250326-1000]
[2025-06-17 21:47:08] Installing org.eclipse.mylyn.monitor.feature.feature.group [4.7.0.v20250326-1000]
[2025-06-17 21:47:08] Installing org.eclipse.mylyn.monitor.feature.feature.jar [4.7.0.v20250326-1000]
[2025-06-17 21:47:08] Installing org.eclipse.mylyn.monitor.ui [4.7.0.v20250326-1000]
[2025-06-17 21:47:08] Installing org.eclipse.mylyn.resources.ui [4.7.0.v20250326-1000]
[2025-06-17 21:47:08] Installing org.eclipse.mylyn.reviews.core [4.7.0.v20250326-1000]
[2025-06-17 21:47:08] Installing org.eclipse.mylyn.reviews.edit [4.7.0.v20250326-1000]
[2025-06-17 21:47:08] Installing org.eclipse.mylyn.reviews.feature.feature.group [4.7.0.v20250326-1000]
[2025-06-17 21:47:08] Installing org.eclipse.mylyn.reviews.feature.feature.jar [4.7.0.v20250326-1000]
[2025-06-17 21:47:08] Installing org.eclipse.mylyn.reviews.ui [4.7.0.v20250326-1000]
[2025-06-17 21:47:08] Installing org.eclipse.mylyn.tasks.activity.core [4.7.0.v20250326-1000]
[2025-06-17 21:47:08] Installing org.eclipse.mylyn.tasks.activity.ui [4.7.0.v20250326-1000]
[2025-06-17 21:47:08] Installing org.eclipse.mylyn.tasks.bugs [4.7.0.v20250326-1000]
[2025-06-17 21:47:08] Installing org.eclipse.mylyn.tasks.core [4.7.0.v20250326-1000]
[2025-06-17 21:47:08] Installing org.eclipse.mylyn.tasks.feature.feature.group [4.7.0.v20250521-0822]
[2025-06-17 21:47:08] Installing org.eclipse.mylyn.tasks.feature.feature.jar [4.7.0.v20250521-0822]
[2025-06-17 21:47:08] Installing org.eclipse.mylyn.tasks.index.core [4.7.0.v20250326-1000]
[2025-06-17 21:47:08] Installing org.eclipse.mylyn.tasks.index.ui [4.7.0.v20250326-1000]
[2025-06-17 21:47:08] Installing org.eclipse.mylyn.tasks.search [4.7.0.v20250326-1000]
[2025-06-17 21:47:08] Installing org.eclipse.mylyn.tasks.ui [4.7.0.v20250521-0822]
[2025-06-17 21:47:08] Installing org.eclipse.mylyn.team.feature.feature.group [4.7.0.v20250326-1000]
[2025-06-17 21:47:08] Installing org.eclipse.mylyn.team.feature.feature.jar [4.7.0.v20250326-1000]
[2025-06-17 21:47:08] Installing org.eclipse.mylyn.team.ui [4.7.0.v20250326-1000]
[2025-06-17 21:47:08] Installing org.eclipse.mylyn.versions.core [4.7.0.v20250326-1000]
[2025-06-17 21:47:08] Installing org.eclipse.mylyn.versions.feature.feature.group [4.7.0.v20250326-1000]
[2025-06-17 21:47:08] Installing org.eclipse.mylyn.versions.feature.feature.jar [4.7.0.v20250326-1000]
[2025-06-17 21:47:08] Installing org.eclipse.mylyn.versions.ui [4.7.0.v20250326-1000]
[2025-06-17 21:47:08] Installing org.eclipse.mylyn.wikitext [4.7.0.v20250326-1000]
[2025-06-17 21:47:08] Installing org.eclipse.mylyn.wikitext.ant [4.7.0.v20250326-1000]
[2025-06-17 21:47:08] Installing org.eclipse.mylyn.wikitext.asciidoc [4.7.0.v20250326-1000]
[2025-06-17 21:47:08] Installing org.eclipse.mylyn.wikitext.asciidoc.ui [4.7.0.v20250326-1000]
[2025-06-17 21:47:08] Installing org.eclipse.mylyn.wikitext.confluence [4.7.0.v20250326-1000]
[2025-06-17 21:47:08] Installing org.eclipse.mylyn.wikitext.confluence.ui [4.7.0.v20250326-1000]
[2025-06-17 21:47:08] Installing org.eclipse.mylyn.wikitext.context.ui [4.7.0.v20250326-1000]
[2025-06-17 21:47:08] Installing org.eclipse.mylyn.wikitext.feature.feature.group [4.7.0.v20250513-1805]
[2025-06-17 21:47:08] Installing org.eclipse.mylyn.wikitext.feature.feature.jar [4.7.0.v20250513-1805]
[2025-06-17 21:47:08] Installing org.eclipse.mylyn.wikitext.help.ui [4.7.0.v20250507-1554]
[2025-06-17 21:47:08] Installing org.eclipse.mylyn.wikitext.html [4.7.0.v20250326-1000]
[2025-06-17 21:47:08] Installing org.eclipse.mylyn.wikitext.markdown [4.7.0.v20250326-1000]
[2025-06-17 21:47:08] Installing org.eclipse.mylyn.wikitext.markdown.ui [4.7.0.v20250326-1000]
[2025-06-17 21:47:08] Installing org.eclipse.mylyn.wikitext.mediawiki [4.7.0.v20250326-1000]
[2025-06-17 21:47:08] Installing org.eclipse.mylyn.wikitext.mediawiki.ui [4.7.0.v20250326-1000]
[2025-06-17 21:47:08] Installing org.eclipse.mylyn.wikitext.osgi [4.7.0.v20250326-1000]
[2025-06-17 21:47:08] Installing org.eclipse.mylyn.wikitext.tasks.ui [4.7.0.v20250326-1000]
[2025-06-17 21:47:08] Installing org.eclipse.mylyn.wikitext.textile [4.7.0.v20250326-1000]
[2025-06-17 21:47:08] Installing org.eclipse.mylyn.wikitext.textile.ui [4.7.0.v20250326-1000]
[2025-06-17 21:47:08] Installing org.eclipse.mylyn.wikitext.tracwiki [4.7.0.v20250326-1000]
[2025-06-17 21:47:08] Installing org.eclipse.mylyn.wikitext.tracwiki.ui [4.7.0.v20250326-1000]
[2025-06-17 21:47:08] Installing org.eclipse.mylyn.wikitext.twiki [4.7.0.v20250326-1000]
[2025-06-17 21:47:08] Installing org.eclipse.mylyn.wikitext.twiki.ui [4.7.0.v20250326-1000]
[2025-06-17 21:47:08] Installing org.eclipse.mylyn.wikitext.ui [4.7.0.v20250513-1805]
[2025-06-17 21:47:08] Installing org.eclipse.nebula.cwt [1.1.0.202402091246]
[2025-06-17 21:47:08] Installing org.eclipse.nebula.widgets.cdatetime [1.5.0.202402091246]
[2025-06-17 21:47:08] Installing org.eclipse.nebula.widgets.tablecombo [1.2.0.202402011804]
[2025-06-17 21:47:08] Installing org.eclipse.oomph.base [1.18.0.v20230617-1322]
[2025-06-17 21:47:08] Installing org.eclipse.oomph.base.edit [1.18.0.v20240826-0747]
[2025-06-17 21:47:08] Installing org.eclipse.oomph.extractor.lib [1.10.0.v20250206-1413]
[2025-06-17 21:47:08] Installing org.eclipse.oomph.jreinfo [1.21.0.v20250228-0749]
[2025-06-17 21:47:08] Installing org.eclipse.oomph.jreinfo.ui [1.18.0.v20250131-0848]
[2025-06-17 21:47:08] Installing org.eclipse.oomph.p2 [1.17.0.v20230617-1322]
[2025-06-17 21:47:08] Installing org.eclipse.oomph.p2.core [1.32.0.v20250411-1221]
[2025-06-17 21:47:08] Installing org.eclipse.oomph.p2.doc [1.14.0.v20230625-0755]
[2025-06-17 21:47:08] Installing org.eclipse.oomph.p2.edit [1.17.0.v20230204-0932]
[2025-06-17 21:47:08] Installing org.eclipse.oomph.p2.feature.group [1.33.0.v20250411-1221]
[2025-06-17 21:47:08] Installing org.eclipse.oomph.p2.feature.jar [1.33.0.v20250411-1221]
[2025-06-17 21:47:08] Installing org.eclipse.oomph.p2.ui [1.23.0.v20241013-1114]
[2025-06-17 21:47:08] Installing org.eclipse.oomph.predicates [1.19.0.v20241013-1021]
[2025-06-17 21:47:08] Installing org.eclipse.oomph.predicates.edit [1.15.0.v20230416-0642]
[2025-06-17 21:47:08] Installing org.eclipse.oomph.preferences [1.15.0.v20250411-0846]
[2025-06-17 21:47:08] Installing org.eclipse.oomph.resources [1.21.0.v20241013-1019]
[2025-06-17 21:47:08] Installing org.eclipse.oomph.resources.edit [1.16.0.v20240927-1011]
[2025-06-17 21:47:08] Installing org.eclipse.oomph.setup [1.32.0.v20250521-1019]
[2025-06-17 21:47:08] Installing org.eclipse.oomph.setup.core [1.34.0.v20250509-1106]
[2025-06-17 21:47:08] Installing org.eclipse.oomph.setup.core.feature.group [1.34.0.v20250521-1019]
[2025-06-17 21:47:08] Installing org.eclipse.oomph.setup.core.feature.jar [1.34.0.v20250521-1019]
[2025-06-17 21:47:08] Installing org.eclipse.oomph.setup.doc [1.15.0.v20250302-1233]
[2025-06-17 21:47:08] Installing org.eclipse.oomph.setup.edit [1.19.0.v20250422-1311]
[2025-06-17 21:47:08] Installing org.eclipse.oomph.setup.editor [1.31.0.v20250509-1106]
[2025-06-17 21:47:08] Installing org.eclipse.oomph.setup.feature.group [1.36.0.v20250521-1019]
[2025-06-17 21:47:08] Installing org.eclipse.oomph.setup.feature.jar [1.36.0.v20250521-1019]
[2025-06-17 21:47:08] Installing org.eclipse.oomph.setup.p2 [1.22.0.v20250302-1233]
[2025-06-17 21:47:08] Installing org.eclipse.oomph.setup.p2.edit [1.16.0.v20230617-1322]
[2025-06-17 21:47:08] Installing org.eclipse.oomph.setup.sync [1.19.0.v20250509-1106]
[2025-06-17 21:47:08] Installing org.eclipse.oomph.setup.ui [1.34.0.v20250509-1106]
[2025-06-17 21:47:08] Installing org.eclipse.oomph.setup.ui.questionnaire [1.14.0.v20250518-0704]
[2025-06-17 21:47:08] Installing org.eclipse.oomph.ui [1.25.0.v20250411-1221]
[2025-06-17 21:47:08] Installing org.eclipse.oomph.util [1.26.0.v20250502-1242]
[2025-06-17 21:47:08] Installing org.eclipse.oomph.workingsets [1.14.0.v20230617-1322]
[2025-06-17 21:47:08] Installing org.eclipse.oomph.workingsets.edit [1.13.0.v20230204-0932]
[2025-06-17 21:47:08] Installing org.eclipse.oomph.workingsets.editor [1.17.0.v20250218-0822]
[2025-06-17 21:47:08] Installing org.eclipse.orbit.xml-apis-ext [1.0.0.v20240917-0534]
[2025-06-17 21:47:08] Installing org.eclipse.osgi [3.23.100.v20250514-1759]
[2025-06-17 21:47:08] Installing org.eclipse.osgi.compatibility.state [1.2.1200.v20250506-0416]
[2025-06-17 21:47:08] Installing org.eclipse.osgi.util [3.7.400.v20250516-0916]
[2025-06-17 21:47:08] Installing org.eclipse.pde.runtime [3.8.700.v20250429-2245]
[2025-06-17 21:47:08] Installing org.eclipse.platform [4.36.0.v20250528-1830]
[2025-06-17 21:47:08] Installing org.eclipse.platform.doc.user [4.36.0.v20250522-0533]
[2025-06-17 21:47:08] Installing org.eclipse.platform.feature.group [4.36.0.v20250528-2229]
[2025-06-17 21:47:08] Installing org.eclipse.platform.feature.jar [4.36.0.v20250528-2229]
[2025-06-17 21:47:08] Installing org.eclipse.platform_root [4.36.0.v20250528-2229]
[2025-06-17 21:47:08] Installing org.eclipse.rcp [4.36.0.v20250528-1830]
[2025-06-17 21:47:08] Installing org.eclipse.rcp.feature.group [4.36.0.v20250528-1830]
[2025-06-17 21:47:08] Installing org.eclipse.rcp.feature.jar [4.36.0.v20250528-1830]
[2025-06-17 21:47:08] Installing org.eclipse.rcp_root [4.36.0.v20250528-1830]
[2025-06-17 21:47:08] Installing org.eclipse.search [3.17.200.v20250427-1424]
[2025-06-17 21:47:08] Installing org.eclipse.search.core [3.16.400.v20241111-2025]
[2025-06-17 21:47:08] Installing org.eclipse.swt [3.130.0.v20250528-1759]
[2025-06-17 21:47:08] Installing org.eclipse.swt.svg [3.130.0.v20250501-0805]
[2025-06-17 21:47:08] Installing org.eclipse.swt.win32.win32.x86_64 [3.130.0.v20250528-1759]
[2025-06-17 21:47:08] Installing org.eclipse.team.core [3.10.700.v20250313-0656]
[2025-06-17 21:47:08] Installing org.eclipse.team.genericeditor.diff.extension [1.2.400.v20240413-1529]
[2025-06-17 21:47:08] Installing org.eclipse.team.ui [3.11.100.v20250509-1307]
[2025-06-17 21:47:08] Installing org.eclipse.text [3.14.300.v20250119-1501]
[2025-06-17 21:47:08] Installing org.eclipse.text.quicksearch [1.3.100.v20250423-1201]
[2025-06-17 21:47:08] Installing org.eclipse.tips.core [0.3.400.v20240413-1529]
[2025-06-17 21:47:08] Installing org.eclipse.tips.feature.feature.group [0.4.600.v20241126-1843]
[2025-06-17 21:47:08] Installing org.eclipse.tips.feature.feature.jar [0.4.600.v20241126-1843]
[2025-06-17 21:47:08] Installing org.eclipse.tips.ide [0.3.500.v20241014-2054]
[2025-06-17 21:47:08] Installing org.eclipse.tips.json [0.3.400.v20240525-0701]
[2025-06-17 21:47:08] Installing org.eclipse.tips.ui [0.3.500.v20241126-1843]
[2025-06-17 21:47:08] Installing org.eclipse.tm.terminal.connector.local [4.8.300.202506041901]
[2025-06-17 21:47:08] Installing org.eclipse.tm.terminal.connector.local.feature.feature.group [12.1.0.202506041901]
[2025-06-17 21:47:08] Installing org.eclipse.tm.terminal.connector.local.feature.feature.jar [12.1.0.202506041901]
[2025-06-17 21:47:08] Installing org.eclipse.tm.terminal.connector.process [4.9.300.202506041901]
[2025-06-17 21:47:08] Installing org.eclipse.tm.terminal.connector.ssh [4.8.500.202506041901]
[2025-06-17 21:47:08] Installing org.eclipse.tm.terminal.connector.ssh.feature.feature.group [12.1.0.202506041901]
[2025-06-17 21:47:08] Installing org.eclipse.tm.terminal.connector.ssh.feature.feature.jar [12.1.0.202506041901]
[2025-06-17 21:47:08] Installing org.eclipse.tm.terminal.connector.telnet [4.8.300.202506041901]
[2025-06-17 21:47:08] Installing org.eclipse.tm.terminal.connector.telnet.feature.feature.group [12.1.0.202506041901]
[2025-06-17 21:47:08] Installing org.eclipse.tm.terminal.connector.telnet.feature.feature.jar [12.1.0.202506041901]
[2025-06-17 21:47:08] Installing org.eclipse.tm.terminal.control [5.6.0.v20250507-0541]
[2025-06-17 21:47:08] Installing org.eclipse.tm.terminal.control.feature.feature.group [12.1.0.202505141520]
[2025-06-17 21:47:08] Installing org.eclipse.tm.terminal.control.feature.feature.jar [12.1.0.202505141520]
[2025-06-17 21:47:08] Installing org.eclipse.tm.terminal.feature.feature.group [12.1.0.202505062016]
[2025-06-17 21:47:08] Installing org.eclipse.tm.terminal.feature.feature.jar [12.1.0.202505062016]
[2025-06-17 21:47:08] Installing org.eclipse.tm.terminal.view.core [4.10.500.202505200054]
[2025-06-17 21:47:08] Installing org.eclipse.tm.terminal.view.feature.feature.group [12.1.0.202506041901]
[2025-06-17 21:47:08] Installing org.eclipse.tm.terminal.view.feature.feature.jar [12.1.0.202506041901]
[2025-06-17 21:47:08] Installing org.eclipse.tm.terminal.view.ui [4.11.700.202506041901]
[2025-06-17 21:47:08] Installing org.eclipse.tm4e.core [0.14.1.202501141527]
[2025-06-17 21:47:08] Installing org.eclipse.tm4e.feature.feature.group [0.14.1.202501141527]
[2025-06-17 21:47:08] Installing org.eclipse.tm4e.feature.feature.jar [0.14.1.202501141527]
[2025-06-17 21:47:08] Installing org.eclipse.tm4e.language_pack [0.14.1.202501052236]
[2025-06-17 21:47:08] Installing org.eclipse.tm4e.language_pack.feature.feature.group [0.14.1.202501052236]
[2025-06-17 21:47:08] Installing org.eclipse.tm4e.language_pack.feature.feature.jar [0.14.1.202501052236]
[2025-06-17 21:47:08] Installing org.eclipse.tm4e.languageconfiguration [0.14.1.202501071849]
[2025-06-17 21:47:08] Installing org.eclipse.tm4e.markdown [0.14.1.202412182118]
[2025-06-17 21:47:08] Installing org.eclipse.tm4e.registry [0.14.1.202412182118]
[2025-06-17 21:47:08] Installing org.eclipse.tm4e.ui [0.14.1.202501131401]
[2025-06-17 21:47:08] Installing org.eclipse.ui [3.207.200.v20250519-1609]
[2025-06-17 21:47:08] Installing org.eclipse.ui.browser [3.8.500.v20250514-1719]
[2025-06-17 21:47:08] Installing org.eclipse.ui.cheatsheets [3.8.600.v20250509-1307]
[2025-06-17 21:47:08] Installing org.eclipse.ui.console [3.14.300.v20250509-1251]
[2025-06-17 21:47:08] Installing org.eclipse.ui.editors [3.20.0.v20250514-1719]
[2025-06-17 21:47:08] Installing org.eclipse.ui.externaltools [3.6.600.v20250424-1838]
[2025-06-17 21:47:08] Installing org.eclipse.ui.forms [3.13.500.v20250519-0741]
[2025-06-17 21:47:08] Installing org.eclipse.ui.genericeditor [1.3.600.v20250426-1535]
[2025-06-17 21:47:08] Installing org.eclipse.ui.ide [3.22.600.v20250523-1502]
[2025-06-17 21:47:08] Installing org.eclipse.ui.ide.application [1.5.700.v20250514-1719]
[2025-06-17 21:47:08] Installing org.eclipse.ui.intro [3.7.600.v20250519-1907]
[2025-06-17 21:47:08] Installing org.eclipse.ui.intro.quicklinks [1.2.400.v20240414-1916]
[2025-06-17 21:47:08] Installing org.eclipse.ui.intro.universal [3.5.500.v20250514-1721]
[2025-06-17 21:47:08] Installing org.eclipse.ui.monitoring [1.3.400.v20240905-1240]
[2025-06-17 21:47:08] Installing org.eclipse.ui.navigator [3.13.100.v20250426-1709]
[2025-06-17 21:47:08] Installing org.eclipse.ui.navigator.resources [3.9.700.v20250505-0707]
[2025-06-17 21:47:08] Installing org.eclipse.ui.net [1.5.400.v20240413-1529]
[2025-06-17 21:47:08] Installing org.eclipse.ui.themes [1.2.2800.v20250516-0925]
[2025-06-17 21:47:08] Installing org.eclipse.ui.views [3.12.600.v20250426-1716]
[2025-06-17 21:47:08] Installing org.eclipse.ui.views.log [1.4.800.v20250426-1716]
[2025-06-17 21:47:08] Installing org.eclipse.ui.views.properties.tabbed [3.10.400.v20240915-2200]
[2025-06-17 21:47:08] Installing org.eclipse.ui.win32 [3.5.300.v20240524-2010]
[2025-06-17 21:47:08] Installing org.eclipse.ui.workbench [3.135.100.v20250517-0909]
[2025-06-17 21:47:08] Installing org.eclipse.ui.workbench.texteditor [3.19.200.v20250514-1719]
[2025-06-17 21:47:08] Installing org.eclipse.update.configurator [3.5.700.v20250512-0645]
[2025-06-17 21:47:08] Installing org.eclipse.urischeme [1.3.500.v20240913-1323]
[2025-06-17 21:47:08] Installing org.eclipse.wildwebdeveloper.xml [1.3.6.202409052135]
[2025-06-17 21:47:08] Installing org.eclipse.wildwebdeveloper.xml.feature.feature.group [1.3.6.202409052135]
[2025-06-17 21:47:08] Installing org.eclipse.wildwebdeveloper.xml.feature.feature.jar [1.3.6.202409052135]
[2025-06-17 21:47:08] Installing org.eclipse.wst.common.core [1.4.100.v202103232321]
[2025-06-17 21:47:08] Installing org.eclipse.wst.common.emf [1.2.800.v202503020719]
[2025-06-17 21:47:08] Installing org.eclipse.wst.common.environment [1.1.0.v202308161955]
[2025-06-17 21:47:08] Installing org.eclipse.wst.common.frameworks [1.3.0.v202308161955]
[2025-06-17 21:47:08] Installing org.eclipse.wst.common.uriresolver [1.4.0.v202308161955]
[2025-06-17 21:47:08] Installing org.eclipse.wst.sse.core [1.2.1400.v202405130132]
[2025-06-17 21:47:08] Installing org.eclipse.wst.xml.core [1.2.900.v202405130132]
[2025-06-17 21:47:08] Installing org.glassfish.hk2.osgi-resource-locator [1.0.4]
[2025-06-17 21:47:08] Installing org.gradle.toolingapi [8.9.0.v20240802-1314]
[2025-06-17 21:47:08] Installing org.hamcrest [3.0.0]
[2025-06-17 21:47:08] Installing org.jacoco.agent [0.8.13.202504020838]
[2025-06-17 21:47:08] Installing org.jacoco.core [0.8.13.202504020838]
[2025-06-17 21:47:08] Installing org.jacoco.report [0.8.13.202504020838]
[2025-06-17 21:47:08] Installing org.jcodings [1.0.63.v20250307-1000]
[2025-06-17 21:47:08] Installing org.jdom2 [2.0.6.v20230720-0727]
[2025-06-17 21:47:08] Installing org.joni [2.2.6.v20250329-1000]
[2025-06-17 21:47:08] Installing org.jsoup [1.20.1]
[2025-06-17 21:47:08] Installing org.junit [4.13.2.v20240929-1000]
[2025-06-17 21:47:08] Installing org.mortbay.jasper.apache-el [9.0.102]
[2025-06-17 21:47:08] Installing org.mortbay.jasper.apache-jsp [9.0.102]
[2025-06-17 21:47:08] Installing org.objectweb.asm [9.8.0]
[2025-06-17 21:47:08] Installing org.objectweb.asm.commons [9.8.0]
[2025-06-17 21:47:08] Installing org.objectweb.asm.tree [9.8.0]
[2025-06-17 21:47:08] Installing org.objectweb.asm.tree.analysis [9.8.0]
[2025-06-17 21:47:08] Installing org.objectweb.asm.util [9.8.0]
[2025-06-17 21:47:08] Installing org.opentest4j [1.3.0]
[2025-06-17 21:47:09] Installing org.osgi.service.cm [1.6.1.202109301733]
[2025-06-17 21:47:09] Installing org.osgi.service.component [1.5.1.202212101352]
[2025-06-17 21:47:09] Installing org.osgi.service.device [1.1.1.202109301733]
[2025-06-17 21:47:09] Installing org.osgi.service.event [1.4.1.202109301733]
[2025-06-17 21:47:09] Installing org.osgi.service.http.whiteboard [1.1.1.202109301733]
[2025-06-17 21:47:09] Installing org.osgi.service.metatype [1.4.1.202109301733]
[2025-06-17 21:47:09] Installing org.osgi.service.prefs [1.1.2.202109301733]
[2025-06-17 21:47:09] Installing org.osgi.service.provisioning [1.2.0.201505202024]
[2025-06-17 21:47:09] Installing org.osgi.service.repository [1.1.0.201505202024]
[2025-06-17 21:47:09] Installing org.osgi.service.upnp [1.2.1.202109301733]
[2025-06-17 21:47:09] Installing org.osgi.service.useradmin [1.1.1.202109301733]
[2025-06-17 21:47:09] Installing org.osgi.service.wireadmin [1.0.2.202109301733]
[2025-06-17 21:47:09] Installing org.osgi.util.function [1.2.0.202109301733]
[2025-06-17 21:47:09] Installing org.osgi.util.measurement [1.0.2.201802012109]
[2025-06-17 21:47:09] Installing org.osgi.util.position [1.0.1.201505202026]
[2025-06-17 21:47:09] Installing org.osgi.util.promise [1.3.0.202212101352]
[2025-06-17 21:47:09] Installing org.osgi.util.xml [1.0.2.202109301733]
[2025-06-17 21:47:09] Installing org.sat4j.core [2.3.6.v20201214]
[2025-06-17 21:47:09] Installing org.sat4j.pb [2.3.6.v20201214]
[2025-06-17 21:47:09] Installing org.snakeyaml.engine [2.9.0]
[2025-06-17 21:47:09] Installing org.tukaani.xz [1.10.0]
[2025-06-17 21:47:09] Installing slf4j.api [2.0.17]
[2025-06-17 21:47:09] Installing tooling.org.eclipse.update.feature.default [1.0.0]
[2025-06-17 21:47:09] Installing tooling.osgi.bundle.default [1.0.0]
[2025-06-17 21:47:09] Installing tooling.source.default [1.0.0]
[2025-06-17 21:47:09] Installing toolingepp.package.java.application [4.36.0.20250605-1300]
[2025-06-17 21:47:09] Installing toolingepp.package.java.config.win32.win32.x86_64 [4.36.0.20250605-1300]
[2025-06-17 21:47:09] Installing toolingepp.package.java.configuration [4.36.0.20250605-1300]
[2025-06-17 21:47:09] Installing toolingepp.package.java.executable.win32.win32.x86_64 [4.36.0.20250605-1300]
[2025-06-17 21:47:09] Installing toolingepp.package.java.ini.win32.win32.x86_64 [4.36.0.20250605-1300]
[2025-06-17 21:47:09] Installing toolingorg.eclipse.equinox.launcher [1.7.0.v20250519-0528]
[2025-06-17 21:47:09] Installing toolingorg.eclipse.equinox.launcher.win32.win32.x86_64 [1.2.1300.v20250331-1702]
[2025-06-17 21:47:09] Installing toolingwin32.win32.x86_64org.apache.aries.spifly.dynamic.bundle [4.36.0.20250605-1300]
[2025-06-17 21:47:09] Installing toolingwin32.win32.x86_64org.apache.felix.scr [4.36.0.20250605-1300]
[2025-06-17 21:47:09] Installing toolingwin32.win32.x86_64org.eclipse.core.runtime [4.36.0.20250605-1300]
[2025-06-17 21:47:09] Installing toolingwin32.win32.x86_64org.eclipse.equinox.common [4.36.0.20250605-1300]
[2025-06-17 21:47:09] Installing toolingwin32.win32.x86_64org.eclipse.equinox.event [4.36.0.20250605-1300]
[2025-06-17 21:47:09] Installing toolingwin32.win32.x86_64org.eclipse.equinox.p2.reconciler.dropins [4.36.0.20250605-1300]
[2025-06-17 21:47:09] Installing toolingwin32.win32.x86_64org.eclipse.equinox.simpleconfigurator [4.36.0.20250605-1300]
[2025-06-17 21:47:09] Preparing to commit the provisioning operation.
[2025-06-17 21:47:09] Committing the provisioning operation.
[2025-06-17 21:47:10] Performing Eclipse Ini --launcher.appendVmargs
[2025-06-17 21:47:10] Performing Eclipse Ini -Declipse.p2.max.threads=10
[2025-06-17 21:47:10] Changing D:\core java\eclipse\eclipse.ini (-Declipse.p2.max.threads=10)
[2025-06-17 21:47:10] Performing Eclipse Ini -Doomph.update.url=https://download.eclipse.org/oomph/updates/milestone/latest
[2025-06-17 21:47:10] Changing D:\core java\eclipse\eclipse.ini (-Doomph.update.url=https://download.eclipse.org/oomph/updates/milestone/latest)
[2025-06-17 21:47:10] Performing Eclipse Ini -Doomph.redirection.index.redirection=index:/->https://raw.githubusercontent.com/eclipse-oomph/oomph/master/setups/
[2025-06-17 21:47:10] Changing D:\core java\eclipse\eclipse.ini (-Doomph.redirection.index.redirection=index:/->https://raw.githubusercontent.com/eclipse-oomph/oomph/master/setups/)
[2025-06-17 21:47:10] Performing Eclipse Ini --add-opens=java.base/java.lang=ALL-UNNAMED
[2025-06-17 21:47:10] Changing D:\core java\eclipse\eclipse.ini (--add-opens=java.base/java.lang=ALL-UNNAMED)
[2025-06-17 21:47:10] Performing Eclipse Ini -Djava.security.manager=allow
[2025-06-17 21:47:10] Changing D:\core java\eclipse\eclipse.ini (-Djava.security.manager=allow)
[2025-06-17 21:47:10] Performing post bootstrap tasks
[2025-06-17 21:47:10] 
